Sender: LSF System <lsfadmin@c6u15n02>
Subject: Job 425689: <#BSUB -n 36;#BSUB -o %J.lsf.out;#BSUB -e %J.lsf.err;#BSUB -q batch;#BSUB -R "span[ptile=36]"; module purge;module load compilers/oneapi-2021.1.1; cd /share/home/zhengwenzhen/RL/Inverted-pendulum;python ./discrete_q_iteration.py> in cluster <cluster1> Done

Job <#BSUB -n 36;#BSUB -o %J.lsf.out;#BSUB -e %J.lsf.err;#BSUB -q batch;#BSUB -R "span[ptile=36]"; module purge;module load compilers/oneapi-2021.1.1; cd /share/home/zhengwenzhen/RL/Inverted-pendulum;python ./discrete_q_iteration.py> was submitted from host <ln02> by user <zhengwenzhen> in cluster <cluster1> at Fri Apr  7 00:30:47 2023
Job was executed on host(s) <36*c6u15n02>, in queue <batch>, as user <zhengwenzhen> in cluster <cluster1> at Fri Apr  7 00:29:16 2023
</share/home/zhengwenzhen> was used as the home directory.
</share/home/zhengwenzhen/lsf> was used as the working directory.
Started at Fri Apr  7 00:29:16 2023
Terminated at Fri Apr  7 17:04:26 2023
Results reported at Fri Apr  7 17:04:26 2023

Your job looked like:

------------------------------------------------------------
# LSBATCH: User input
#BSUB -n 36
#BSUB -o %J.lsf.out
#BSUB -e %J.lsf.err
#BSUB -q batch
#BSUB -R "span[ptile=36]"

module purge
module load compilers/oneapi-2021.1.1

cd /share/home/zhengwenzhen/RL/Inverted-pendulum
python ./discrete_q_iteration.py
------------------------------------------------------------

Successfully completed.

Resource usage summary:

    CPU time :                                   59576.90 sec.
    Max Memory :                                 639 MB
    Average Memory :                             79.06 MB
    Total Requested Memory :                     -
    Delta Memory :                               -
    Max Swap :                                   -
    Max Processes :                              4
    Max Threads :                                6
    Run time :                                   59709 sec.
    Turnaround time :                            59619 sec.

The output (if any) follows:

epoch: 1 delta: 3829.280098
epoch: 2 delta: 3660.622771
epoch: 3 delta: 750.354203
epoch: 4 delta: 734.754216
epoch: 5 delta: 719.376642
epoch: 6 delta: 704.113370
epoch: 7 delta: 690.031103
epoch: 8 delta: 675.554437
epoch: 9 delta: 662.043348
epoch: 10 delta: 647.801100
epoch: 11 delta: 634.725115
epoch: 12 delta: 621.187447
epoch: 13 delta: 607.958809
epoch: 14 delta: 595.425100
epoch: 15 delta: 583.516598
epoch: 16 delta: 571.069395
epoch: 17 delta: 559.428108
epoch: 18 delta: 547.881333
epoch: 19 delta: 535.448536
epoch: 20 delta: 524.347849
epoch: 21 delta: 512.672225
epoch: 22 delta: 502.095372
epoch: 23 delta: 491.397835
epoch: 24 delta: 480.317545
epoch: 25 delta: 469.708335
epoch: 26 delta: 459.888735
epoch: 27 delta: 450.012912
epoch: 28 delta: 440.002170
epoch: 29 delta: 430.644054
epoch: 30 delta: 420.626289
epoch: 31 delta: 410.022511
epoch: 32 delta: 401.399898
epoch: 33 delta: 392.440626
epoch: 34 delta: 383.796074
epoch: 35 delta: 375.624557
epoch: 36 delta: 367.604964
epoch: 37 delta: 359.243453
epoch: 38 delta: 351.033885
epoch: 39 delta: 342.676210
epoch: 40 delta: 334.622696
epoch: 41 delta: 326.617060
epoch: 42 delta: 318.629736
epoch: 43 delta: 309.998010
epoch: 44 delta: 300.201897
epoch: 45 delta: 291.419998
epoch: 46 delta: 281.834156
epoch: 47 delta: 271.731489
epoch: 48 delta: 260.160955
epoch: 49 delta: 250.919481
epoch: 50 delta: 123.938199
epoch: 51 delta: 86.201299
epoch: 52 delta: 64.015008
epoch: 53 delta: 62.259429
epoch: 54 delta: 61.014240
epoch: 55 delta: 59.252846
epoch: 56 delta: 56.960361
epoch: 57 delta: 55.623284
epoch: 58 delta: 54.510818
epoch: 59 delta: 51.194377
epoch: 60 delta: 50.110626
epoch: 61 delta: 48.863718
epoch: 62 delta: 47.884902
epoch: 63 delta: 46.282739
epoch: 64 delta: 44.172531
epoch: 65 delta: 42.357851
epoch: 66 delta: 40.394432
epoch: 67 delta: 39.586543
epoch: 68 delta: 38.656687
epoch: 69 delta: 37.502240
epoch: 70 delta: 36.752195
epoch: 71 delta: 33.870907
epoch: 72 delta: 32.990940
epoch: 73 delta: 32.110207
epoch: 74 delta: 31.306573
epoch: 75 delta: 30.676167
epoch: 76 delta: 30.062644
epoch: 77 delta: 29.028308
epoch: 78 delta: 27.020693
epoch: 79 delta: 26.480279
epoch: 80 delta: 25.833528
epoch: 81 delta: 25.262811
epoch: 82 delta: 24.757555
epoch: 83 delta: 24.236880
epoch: 84 delta: 23.752142
epoch: 85 delta: 23.277099
epoch: 86 delta: 22.811557
epoch: 87 delta: 20.545518
epoch: 88 delta: 20.134608
epoch: 89 delta: 19.731916
epoch: 90 delta: 19.337278
epoch: 91 delta: 15.957176
epoch: 92 delta: 15.382810
epoch: 93 delta: 15.075154
epoch: 94 delta: 14.773651
epoch: 95 delta: 14.046254
epoch: 96 delta: 13.765329
epoch: 97 delta: 13.490022
epoch: 98 delta: 13.220222
epoch: 99 delta: 12.303465
epoch: 100 delta: 11.781744
epoch: 101 delta: 11.546109
epoch: 102 delta: 11.315187
epoch: 103 delta: 11.088883
epoch: 104 delta: 10.460598
epoch: 105 delta: 10.052753
epoch: 106 delta: 9.851698
epoch: 107 delta: 9.375885
epoch: 108 delta: 8.794790
epoch: 109 delta: 8.618894
epoch: 110 delta: 8.446516
epoch: 111 delta: 8.277586
epoch: 112 delta: 8.112034
epoch: 113 delta: 7.949793
epoch: 114 delta: 7.790797
epoch: 115 delta: 7.634981
epoch: 116 delta: 7.400098
epoch: 117 delta: 7.252096
epoch: 118 delta: 6.937205
epoch: 119 delta: 6.666471
epoch: 120 delta: 6.482847
epoch: 121 delta: 6.353190
epoch: 122 delta: 6.226126
epoch: 123 delta: 6.101604
epoch: 124 delta: 5.979572
epoch: 125 delta: 5.859980
epoch: 126 delta: 5.606423
epoch: 127 delta: 5.494295
epoch: 128 delta: 5.384409
epoch: 129 delta: 5.219141
epoch: 130 delta: 5.114758
epoch: 131 delta: 5.012463
epoch: 132 delta: 4.912214
epoch: 133 delta: 4.813970
epoch: 134 delta: 4.717690
epoch: 135 delta: 4.623337
epoch: 136 delta: 4.530870
epoch: 137 delta: 4.440252
epoch: 138 delta: 4.351447
epoch: 139 delta: 4.264418
epoch: 140 delta: 4.179130
epoch: 141 delta: 4.095547
epoch: 142 delta: 4.013636
epoch: 143 delta: 3.933364
epoch: 144 delta: 3.854696
epoch: 145 delta: 3.777603
epoch: 146 delta: 3.702051
epoch: 147 delta: 3.628009
epoch: 148 delta: 3.555449
epoch: 149 delta: 3.484340
epoch: 150 delta: 3.414654
epoch: 151 delta: 3.346360
epoch: 152 delta: 3.279433
epoch: 153 delta: 3.213845
epoch: 154 delta: 3.149568
epoch: 155 delta: 3.086576
epoch: 156 delta: 3.024845
epoch: 157 delta: 2.964348
epoch: 158 delta: 2.905061
epoch: 159 delta: 2.846960
epoch: 160 delta: 2.790021
epoch: 161 delta: 2.734220
epoch: 162 delta: 2.679536
epoch: 163 delta: 2.625945
epoch: 164 delta: 2.573426
epoch: 165 delta: 2.521958
epoch: 166 delta: 2.425512
epoch: 167 delta: 2.377002
epoch: 168 delta: 2.329461
epoch: 169 delta: 2.282872
epoch: 170 delta: 2.237215
epoch: 171 delta: 2.192471
epoch: 172 delta: 2.148621
epoch: 173 delta: 2.105649
epoch: 174 delta: 2.063536
epoch: 175 delta: 2.022265
epoch: 176 delta: 1.979022
epoch: 177 delta: 1.939442
epoch: 178 delta: 1.900653
epoch: 179 delta: 1.862640
epoch: 180 delta: 1.825387
epoch: 181 delta: 1.788879
epoch: 182 delta: 1.753102
epoch: 183 delta: 1.718040
epoch: 184 delta: 1.683679
epoch: 185 delta: 1.650005
epoch: 186 delta: 1.586905
epoch: 187 delta: 1.555167
epoch: 188 delta: 1.524064
epoch: 189 delta: 1.493582
epoch: 190 delta: 1.463711
epoch: 191 delta: 1.434437
epoch: 192 delta: 1.405748
epoch: 193 delta: 1.377633
epoch: 194 delta: 1.350080
epoch: 195 delta: 1.323079
epoch: 196 delta: 0.956149
epoch: 197 delta: 0.593005
epoch: 198 delta: 0.581145
epoch: 199 delta: 0.569522
epoch: 200 delta: 0.558131
epoch: 201 delta: 0.546969
epoch: 202 delta: 0.536029
epoch: 203 delta: 0.525309
epoch: 204 delta: 0.514802
epoch: 205 delta: 0.504506
epoch: 206 delta: 0.487855
epoch: 207 delta: 0.426189
epoch: 208 delta: 0.414084
epoch: 209 delta: 0.393452
epoch: 210 delta: 0.381506
epoch: 211 delta: 0.373876
epoch: 212 delta: 0.366398
epoch: 213 delta: 0.359070
epoch: 214 delta: 0.348297
epoch: 215 delta: 0.325568
epoch: 216 delta: 0.319057
epoch: 217 delta: 0.312676
epoch: 218 delta: 0.306422
epoch: 219 delta: 0.300294
epoch: 220 delta: 0.294288
epoch: 221 delta: 0.288402
epoch: 222 delta: 0.282634
epoch: 223 delta: 0.276981
epoch: 224 delta: 0.271442
epoch: 225 delta: 0.266013
epoch: 226 delta: 0.260693
epoch: 227 delta: 0.255479
epoch: 228 delta: 0.250369
epoch: 229 delta: 0.245362
epoch: 230 delta: 0.240455
epoch: 231 delta: 0.235646
epoch: 232 delta: 0.230933
epoch: 233 delta: 0.226314
epoch: 234 delta: 0.221788
epoch: 235 delta: 0.217352
epoch: 236 delta: 0.152363
epoch: 237 delta: 0.149316
epoch: 238 delta: 0.146330
epoch: 239 delta: 0.143403
epoch: 240 delta: 0.140535
epoch: 241 delta: 0.137724
epoch: 242 delta: 0.134970
epoch: 243 delta: 0.132270
epoch: 244 delta: 0.129625
epoch: 245 delta: 0.127032
epoch: 246 delta: 0.124492
epoch: 247 delta: 0.122002
epoch: 248 delta: 0.119562
epoch: 249 delta: 0.117171
epoch: 250 delta: 0.114827
epoch: 251 delta: 0.112531
epoch: 252 delta: 0.110280
epoch: 253 delta: 0.108075
epoch: 254 delta: 0.105913
epoch: 255 delta: 0.103795
epoch: 256 delta: 0.101719
epoch: 257 delta: 0.099685
epoch: 258 delta: 0.097691
epoch: 259 delta: 0.095737
epoch: 260 delta: 0.093822
epoch: 261 delta: 0.091946
epoch: 262 delta: 0.090107
epoch: 263 delta: 0.088305
epoch: 264 delta: 0.086539
epoch: 265 delta: 0.084808
epoch: 266 delta: 0.083112
epoch: 267 delta: 0.081449
epoch: 268 delta: 0.079821
epoch: 269 delta: 0.078224
epoch: 270 delta: 0.076660
epoch: 271 delta: 0.075126
epoch: 272 delta: 0.073624
epoch: 273 delta: 0.072151
epoch: 274 delta: 0.070708
epoch: 275 delta: 0.069294
epoch: 276 delta: 0.067908
epoch: 277 delta: 0.066550
epoch: 278 delta: 0.065219
epoch: 279 delta: 0.063915
epoch: 280 delta: 0.062636
epoch: 281 delta: 0.061384
epoch: 282 delta: 0.060156
epoch: 283 delta: 0.058953
epoch: 284 delta: 0.057774
epoch: 285 delta: 0.056618
epoch: 286 delta: 0.055486
epoch: 287 delta: 0.054376
epoch: 288 delta: 0.053289
epoch: 289 delta: 0.052223
epoch: 290 delta: 0.051179
epoch: 291 delta: 0.050155
epoch: 292 delta: 0.049152
epoch: 293 delta: 0.048169
epoch: 294 delta: 0.047205
epoch: 295 delta: 0.046261
epoch: 296 delta: 0.045336
epoch: 297 delta: 0.044429
epoch: 298 delta: 0.043541
epoch: 299 delta: 0.042670
epoch: 300 delta: 0.041817
epoch: 301 delta: 0.040980
epoch: 302 delta: 0.040161
epoch: 303 delta: 0.039357
epoch: 304 delta: 0.038570
epoch: 305 delta: 0.037799
epoch: 306 delta: 0.037043
epoch: 307 delta: 0.036302
epoch: 308 delta: 0.035576
epoch: 309 delta: 0.034865
epoch: 310 delta: 0.034167
epoch: 311 delta: 0.033484
epoch: 312 delta: 0.032814
epoch: 313 delta: 0.032158
epoch: 314 delta: 0.031515
epoch: 315 delta: 0.030884
epoch: 316 delta: 0.030267
epoch: 317 delta: 0.029661
epoch: 318 delta: 0.029068
epoch: 319 delta: 0.028487
epoch: 320 delta: 0.027917
epoch: 321 delta: 0.027359
epoch: 322 delta: 0.026812
epoch: 323 delta: 0.026275
epoch: 324 delta: 0.025750
epoch: 325 delta: 0.025235
epoch: 326 delta: 0.024730
epoch: 327 delta: 0.024236
epoch: 328 delta: 0.023751
epoch: 329 delta: 0.023276
epoch: 330 delta: 0.022810
epoch: 331 delta: 0.022354
epoch: 332 delta: 0.021907
epoch: 333 delta: 0.021469
epoch: 334 delta: 0.021040
epoch: 335 delta: 0.020619
epoch: 336 delta: 0.020206
epoch: 337 delta: 0.019802
epoch: 338 delta: 0.019406
epoch: 339 delta: 0.019018
epoch: 340 delta: 0.018638
epoch: 341 delta: 0.018265
epoch: 342 delta: 0.017900
epoch: 343 delta: 0.017542
epoch: 344 delta: 0.017191
epoch: 345 delta: 0.016847
epoch: 346 delta: 0.016510
epoch: 347 delta: 0.016180
epoch: 348 delta: 0.015856
epoch: 349 delta: 0.015539
epoch: 350 delta: 0.015228
epoch: 351 delta: 0.014924
epoch: 352 delta: 0.014625
epoch: 353 delta: 0.014333
epoch: 354 delta: 0.014046
epoch: 355 delta: 0.013765
epoch: 356 delta: 0.013490
epoch: 357 delta: 0.013220
epoch: 358 delta: 0.012956
epoch: 359 delta: 0.012697
epoch: 360 delta: 0.012443
epoch: 361 delta: 0.012194
epoch: 362 delta: 0.011950
epoch: 363 delta: 0.011711
epoch: 364 delta: 0.011477
epoch: 365 delta: 0.011247
epoch: 366 delta: 0.011022
epoch: 367 delta: 0.010802
epoch: 368 delta: 0.010586
epoch: 369 delta: 0.010374
epoch: 370 delta: 0.010167
epoch: 371 delta: 0.009963
Episode finished after 1002 timesteps
Moviepy - Building video /share/home/zhengwenzhen/RL/Inverted-pendulum/results/DiscreteQIteration_th-600_dth-600_a-7/demo_video/rl-video-episode-0.mp4.
Moviepy - Writing video /share/home/zhengwenzhen/RL/Inverted-pendulum/results/DiscreteQIteration_th-600_dth-600_a-7/demo_video/rl-video-episode-0.mp4

Moviepy - Done !
Moviepy - video ready /share/home/zhengwenzhen/RL/Inverted-pendulum/results/DiscreteQIteration_th-600_dth-600_a-7/demo_video/rl-video-episode-0.mp4


PS:

Read file <425689.lsf.err> for stderr output of this job.

