Sender: LSF System <lsfadmin@a3u24n01>
Subject: Job 425744: <#BSUB -n 36;#BSUB -o %J.lsf.out;#BSUB -e %J.lsf.err;#BSUB -q batch;#BSUB -R "span[ptile=36]"; module purge;module load compilers/oneapi-2021.1.1; cd /share/home/zhengwenzhen/RL/Inverted-pendulum;python ./discrete_q_iteration.py> in cluster <cluster1> Done

Job <#BSUB -n 36;#BSUB -o %J.lsf.out;#BSUB -e %J.lsf.err;#BSUB -q batch;#BSUB -R "span[ptile=36]"; module purge;module load compilers/oneapi-2021.1.1; cd /share/home/zhengwenzhen/RL/Inverted-pendulum;python ./discrete_q_iteration.py> was submitted from host <ln02> by user <zhengwenzhen> in cluster <cluster1> at Fri Apr  7 09:55:38 2023
Job was executed on host(s) <36*a3u24n01>, in queue <batch>, as user <zhengwenzhen> in cluster <cluster1> at Fri Apr  7 09:55:39 2023
</share/home/zhengwenzhen> was used as the home directory.
</share/home/zhengwenzhen/lsf> was used as the working directory.
Started at Fri Apr  7 09:55:39 2023
Terminated at Fri Apr  7 15:03:52 2023
Results reported at Fri Apr  7 15:03:52 2023

Your job looked like:

------------------------------------------------------------
# LSBATCH: User input
#BSUB -n 36
#BSUB -o %J.lsf.out
#BSUB -e %J.lsf.err
#BSUB -q batch
#BSUB -R "span[ptile=36]"

module purge
module load compilers/oneapi-2021.1.1

cd /share/home/zhengwenzhen/RL/Inverted-pendulum
python ./discrete_q_iteration.py
------------------------------------------------------------

Successfully completed.

Resource usage summary:

    CPU time :                                   18448.48 sec.
    Max Memory :                                 318 MB
    Average Memory :                             73.67 MB
    Total Requested Memory :                     -
    Delta Memory :                               -
    Max Swap :                                   -
    Max Processes :                              4
    Max Threads :                                41
    Run time :                                   18492 sec.
    Turnaround time :                            18494 sec.

The output (if any) follows:

epoch: 1 delta: 3850.402622
epoch: 2 delta: 3668.536921
epoch: 3 delta: 757.912980
epoch: 4 delta: 742.754721
epoch: 5 delta: 727.795979
epoch: 6 delta: 712.721122
epoch: 7 delta: 698.466699
epoch: 8 delta: 684.497365
epoch: 9 delta: 670.807418
epoch: 10 delta: 656.061882
epoch: 11 delta: 642.940644
epoch: 12 delta: 630.081831
epoch: 13 delta: 617.480195
epoch: 14 delta: 600.743602
epoch: 15 delta: 588.728730
epoch: 16 delta: 576.954156
epoch: 17 delta: 563.744066
epoch: 18 delta: 552.357977
epoch: 19 delta: 537.552145
epoch: 20 delta: 526.363364
epoch: 21 delta: 513.693626
epoch: 22 delta: 501.603946
epoch: 23 delta: 490.922700
epoch: 24 delta: 481.104246
epoch: 25 delta: 468.347016
epoch: 26 delta: 457.955685
epoch: 27 delta: 447.770019
epoch: 28 delta: 438.814618
epoch: 29 delta: 427.647211
epoch: 30 delta: 418.303770
epoch: 31 delta: 408.144094
epoch: 32 delta: 399.537437
epoch: 33 delta: 389.816806
epoch: 34 delta: 381.787355
epoch: 35 delta: 374.151608
epoch: 36 delta: 363.873916
epoch: 37 delta: 354.845843
epoch: 38 delta: 346.990816
epoch: 39 delta: 338.605452
epoch: 40 delta: 329.359004
epoch: 41 delta: 322.068555
epoch: 42 delta: 127.996560
epoch: 43 delta: 85.919646
epoch: 44 delta: 82.805982
epoch: 45 delta: 80.117257
epoch: 46 delta: 77.936328
epoch: 47 delta: 75.341907
epoch: 48 delta: 72.683060
epoch: 49 delta: 69.408887
epoch: 50 delta: 66.422110
epoch: 51 delta: 64.872593
epoch: 52 delta: 62.652194
epoch: 53 delta: 61.399150
epoch: 54 delta: 60.171167
epoch: 55 delta: 58.954730
epoch: 56 delta: 57.775635
epoch: 57 delta: 55.904489
epoch: 58 delta: 53.488085
epoch: 59 delta: 51.767578
epoch: 60 delta: 50.635583
epoch: 61 delta: 48.766526
epoch: 62 delta: 46.819173
epoch: 63 delta: 44.804320
epoch: 64 delta: 43.888077
epoch: 65 delta: 43.010315
epoch: 66 delta: 42.150109
epoch: 67 delta: 40.481152
epoch: 68 delta: 38.915019
epoch: 69 delta: 36.579166
epoch: 70 delta: 35.722392
epoch: 71 delta: 34.932909
epoch: 72 delta: 34.041963
epoch: 73 delta: 33.361124
epoch: 74 delta: 32.693902
epoch: 75 delta: 31.913949
epoch: 76 delta: 30.574307
epoch: 77 delta: 28.016791
epoch: 78 delta: 27.456455
epoch: 79 delta: 26.730591
epoch: 80 delta: 26.025630
epoch: 81 delta: 25.295242
epoch: 82 delta: 24.789337
epoch: 83 delta: 24.293550
epoch: 84 delta: 23.807679
epoch: 85 delta: 21.641851
epoch: 86 delta: 21.209014
epoch: 87 delta: 20.784834
epoch: 88 delta: 20.321434
epoch: 89 delta: 19.915006
epoch: 90 delta: 19.516706
epoch: 91 delta: 17.329260
epoch: 92 delta: 16.982675
epoch: 93 delta: 16.643021
epoch: 94 delta: 16.310161
epoch: 95 delta: 15.983958
epoch: 96 delta: 15.664279
epoch: 97 delta: 15.350993
epoch: 98 delta: 15.043973
epoch: 99 delta: 14.743094
epoch: 100 delta: 14.448232
epoch: 101 delta: 14.159267
epoch: 102 delta: 13.876082
epoch: 103 delta: 11.687039
epoch: 104 delta: 11.238752
epoch: 105 delta: 10.621765
epoch: 106 delta: 10.409330
epoch: 107 delta: 9.997120
epoch: 108 delta: 9.797178
epoch: 109 delta: 9.601234
epoch: 110 delta: 9.409210
epoch: 111 delta: 9.221025
epoch: 112 delta: 9.036605
epoch: 113 delta: 8.855873
epoch: 114 delta: 8.678755
epoch: 115 delta: 8.505180
epoch: 116 delta: 8.335077
epoch: 117 delta: 8.168375
epoch: 118 delta: 8.005008
epoch: 119 delta: 7.844907
epoch: 120 delta: 7.688009
epoch: 121 delta: 7.534249
epoch: 122 delta: 7.383564
epoch: 123 delta: 7.235893
epoch: 124 delta: 6.735573
epoch: 125 delta: 6.125221
epoch: 126 delta: 5.497360
epoch: 127 delta: 5.387413
epoch: 128 delta: 5.099856
epoch: 129 delta: 4.958671
epoch: 130 delta: 4.859498
epoch: 131 delta: 4.721070
epoch: 132 delta: 4.626649
epoch: 133 delta: 4.534116
epoch: 134 delta: 4.443434
epoch: 135 delta: 4.354565
epoch: 136 delta: 4.267474
epoch: 137 delta: 4.182124
epoch: 138 delta: 4.098482
epoch: 139 delta: 4.016512
epoch: 140 delta: 3.936182
epoch: 141 delta: 3.857458
epoch: 142 delta: 3.780309
epoch: 143 delta: 3.704703
epoch: 144 delta: 3.630609
epoch: 145 delta: 3.557997
epoch: 146 delta: 3.486837
epoch: 147 delta: 3.417100
epoch: 148 delta: 3.348758
epoch: 149 delta: 3.281783
epoch: 150 delta: 3.216147
epoch: 151 delta: 3.151824
epoch: 152 delta: 3.088788
epoch: 153 delta: 3.027012
epoch: 154 delta: 2.966472
epoch: 155 delta: 2.907142
epoch: 156 delta: 2.848999
epoch: 157 delta: 2.792019
epoch: 158 delta: 2.736179
epoch: 159 delta: 2.681455
epoch: 160 delta: 2.627826
epoch: 161 delta: 2.575270
epoch: 162 delta: 2.523764
epoch: 163 delta: 2.452810
epoch: 164 delta: 2.403754
epoch: 165 delta: 2.355679
epoch: 166 delta: 2.308565
epoch: 167 delta: 2.262394
epoch: 168 delta: 2.217146
epoch: 169 delta: 2.172803
epoch: 170 delta: 2.129347
epoch: 171 delta: 2.086760
epoch: 172 delta: 2.020857
epoch: 173 delta: 1.980440
epoch: 174 delta: 1.940831
epoch: 175 delta: 1.902015
epoch: 176 delta: 1.863974
epoch: 177 delta: 1.826695
epoch: 178 delta: 1.790161
epoch: 179 delta: 1.754358
epoch: 180 delta: 1.719271
epoch: 181 delta: 1.684885
epoch: 182 delta: 1.637515
epoch: 183 delta: 1.604765
epoch: 184 delta: 1.572670
epoch: 185 delta: 1.541216
epoch: 186 delta: 1.510392
epoch: 187 delta: 1.480184
epoch: 188 delta: 1.450581
epoch: 189 delta: 1.421569
epoch: 190 delta: 1.393138
epoch: 191 delta: 1.007976
epoch: 192 delta: 0.689558
epoch: 193 delta: 0.675767
epoch: 194 delta: 0.662252
epoch: 195 delta: 0.649007
epoch: 196 delta: 0.636027
epoch: 197 delta: 0.623306
epoch: 198 delta: 0.610840
epoch: 199 delta: 0.598623
epoch: 200 delta: 0.586651
epoch: 201 delta: 0.574918
epoch: 202 delta: 0.562555
epoch: 203 delta: 0.551304
epoch: 204 delta: 0.540254
epoch: 205 delta: 0.525511
epoch: 206 delta: 0.515001
epoch: 207 delta: 0.504701
epoch: 208 delta: 0.494607
epoch: 209 delta: 0.484714
epoch: 210 delta: 0.475020
epoch: 211 delta: 0.465520
epoch: 212 delta: 0.456209
epoch: 213 delta: 0.447085
epoch: 214 delta: 0.438143
epoch: 215 delta: 0.429381
epoch: 216 delta: 0.420793
epoch: 217 delta: 0.412377
epoch: 218 delta: 0.404130
epoch: 219 delta: 0.396047
epoch: 220 delta: 0.387950
epoch: 221 delta: 0.380191
epoch: 222 delta: 0.372587
epoch: 223 delta: 0.365135
epoch: 224 delta: 0.357375
epoch: 225 delta: 0.350228
epoch: 226 delta: 0.343223
epoch: 227 delta: 0.336359
epoch: 228 delta: 0.327585
epoch: 229 delta: 0.321033
epoch: 230 delta: 0.314613
epoch: 231 delta: 0.308320
epoch: 232 delta: 0.302154
epoch: 233 delta: 0.296111
epoch: 234 delta: 0.290189
epoch: 235 delta: 0.284385
epoch: 236 delta: 0.278697
epoch: 237 delta: 0.273123
epoch: 238 delta: 0.267661
epoch: 239 delta: 0.262307
epoch: 240 delta: 0.257061
epoch: 241 delta: 0.251920
epoch: 242 delta: 0.246882
epoch: 243 delta: 0.241944
epoch: 244 delta: 0.237105
epoch: 245 delta: 0.232363
epoch: 246 delta: 0.227716
epoch: 247 delta: 0.223161
epoch: 248 delta: 0.218698
epoch: 249 delta: 0.214324
epoch: 250 delta: 0.209728
epoch: 251 delta: 0.205534
epoch: 252 delta: 0.201423
epoch: 253 delta: 0.197395
epoch: 254 delta: 0.193447
epoch: 255 delta: 0.189578
epoch: 256 delta: 0.185786
epoch: 257 delta: 0.182071
epoch: 258 delta: 0.177026
epoch: 259 delta: 0.173485
epoch: 260 delta: 0.170016
epoch: 261 delta: 0.166615
epoch: 262 delta: 0.163283
epoch: 263 delta: 0.160017
epoch: 264 delta: 0.156817
epoch: 265 delta: 0.153681
epoch: 266 delta: 0.150607
epoch: 267 delta: 0.147595
epoch: 268 delta: 0.144643
epoch: 269 delta: 0.141750
epoch: 270 delta: 0.138915
epoch: 271 delta: 0.136137
epoch: 272 delta: 0.133414
epoch: 273 delta: 0.130746
epoch: 274 delta: 0.128131
epoch: 275 delta: 0.125568
epoch: 276 delta: 0.123057
epoch: 277 delta: 0.120596
epoch: 278 delta: 0.118184
epoch: 279 delta: 0.115820
epoch: 280 delta: 0.113504
epoch: 281 delta: 0.111234
epoch: 282 delta: 0.109009
epoch: 283 delta: 0.106829
epoch: 284 delta: 0.104692
epoch: 285 delta: 0.102598
epoch: 286 delta: 0.100546
epoch: 287 delta: 0.098536
epoch: 288 delta: 0.096565
epoch: 289 delta: 0.094634
epoch: 290 delta: 0.092741
epoch: 291 delta: 0.090886
epoch: 292 delta: 0.089068
epoch: 293 delta: 0.087287
epoch: 294 delta: 0.085541
epoch: 295 delta: 0.083830
epoch: 296 delta: 0.082154
epoch: 297 delta: 0.080511
epoch: 298 delta: 0.078900
epoch: 299 delta: 0.077322
epoch: 300 delta: 0.075776
epoch: 301 delta: 0.074261
epoch: 302 delta: 0.072775
epoch: 303 delta: 0.071320
epoch: 304 delta: 0.069893
epoch: 305 delta: 0.068496
epoch: 306 delta: 0.067126
epoch: 307 delta: 0.065783
epoch: 308 delta: 0.064467
epoch: 309 delta: 0.063178
epoch: 310 delta: 0.061915
epoch: 311 delta: 0.060676
epoch: 312 delta: 0.059463
epoch: 313 delta: 0.058273
epoch: 314 delta: 0.057108
epoch: 315 delta: 0.055966
epoch: 316 delta: 0.054847
epoch: 317 delta: 0.053750
epoch: 318 delta: 0.052675
epoch: 319 delta: 0.051621
epoch: 320 delta: 0.050589
epoch: 321 delta: 0.049577
epoch: 322 delta: 0.048585
epoch: 323 delta: 0.047614
epoch: 324 delta: 0.046661
epoch: 325 delta: 0.045728
epoch: 326 delta: 0.044814
epoch: 327 delta: 0.043917
epoch: 328 delta: 0.043039
epoch: 329 delta: 0.042178
epoch: 330 delta: 0.041335
epoch: 331 delta: 0.040508
epoch: 332 delta: 0.039698
epoch: 333 delta: 0.038904
epoch: 334 delta: 0.038126
epoch: 335 delta: 0.037363
epoch: 336 delta: 0.036616
epoch: 337 delta: 0.035884
epoch: 338 delta: 0.035166
epoch: 339 delta: 0.034463
epoch: 340 delta: 0.033773
epoch: 341 delta: 0.033098
epoch: 342 delta: 0.032436
epoch: 343 delta: 0.031787
epoch: 344 delta: 0.031152
epoch: 345 delta: 0.030528
epoch: 346 delta: 0.029918
epoch: 347 delta: 0.029320
epoch: 348 delta: 0.028733
epoch: 349 delta: 0.028159
epoch: 350 delta: 0.027595
epoch: 351 delta: 0.027043
epoch: 352 delta: 0.026503
epoch: 353 delta: 0.025973
epoch: 354 delta: 0.025453
epoch: 355 delta: 0.024944
epoch: 356 delta: 0.024445
epoch: 357 delta: 0.023956
epoch: 358 delta: 0.023475
epoch: 359 delta: 0.023005
epoch: 360 delta: 0.022545
epoch: 361 delta: 0.022094
epoch: 362 delta: 0.021652
epoch: 363 delta: 0.021219
epoch: 364 delta: 0.020795
epoch: 365 delta: 0.020379
epoch: 366 delta: 0.019971
epoch: 367 delta: 0.019572
epoch: 368 delta: 0.019180
epoch: 369 delta: 0.018797
epoch: 370 delta: 0.018421
epoch: 371 delta: 0.018053
epoch: 372 delta: 0.017691
epoch: 373 delta: 0.017338
epoch: 374 delta: 0.016991
epoch: 375 delta: 0.016651
epoch: 376 delta: 0.016318
epoch: 377 delta: 0.015992
epoch: 378 delta: 0.015672
epoch: 379 delta: 0.015358
epoch: 380 delta: 0.015051
epoch: 381 delta: 0.014750
epoch: 382 delta: 0.014455
epoch: 383 delta: 0.014166
epoch: 384 delta: 0.013883
epoch: 385 delta: 0.013605
epoch: 386 delta: 0.013333
epoch: 387 delta: 0.013066
epoch: 388 delta: 0.012805
epoch: 389 delta: 0.012549
epoch: 390 delta: 0.012298
epoch: 391 delta: 0.012052
epoch: 392 delta: 0.011811
epoch: 393 delta: 0.011575
epoch: 394 delta: 0.011343
epoch: 395 delta: 0.011116
epoch: 396 delta: 0.010894
epoch: 397 delta: 0.010676
epoch: 398 delta: 0.010463
epoch: 399 delta: 0.010253
epoch: 400 delta: 0.010048
epoch: 401 delta: 0.009847
Episode finished after 1002 timesteps
Moviepy - Building video /share/home/zhengwenzhen/RL/Inverted-pendulum/results/DiscreteQIteration_th-500_dth-500_a-3/demo_video/rl-video-episode-0.mp4.
Moviepy - Writing video /share/home/zhengwenzhen/RL/Inverted-pendulum/results/DiscreteQIteration_th-500_dth-500_a-3/demo_video/rl-video-episode-0.mp4

Moviepy - Done !
Moviepy - video ready /share/home/zhengwenzhen/RL/Inverted-pendulum/results/DiscreteQIteration_th-500_dth-500_a-3/demo_video/rl-video-episode-0.mp4


PS:

Read file <425744.lsf.err> for stderr output of this job.

